Build started 08.04.2016 0:30:14.
     1>Project "C:\Users\KAJAJJJ\Documents\Visual Studio 2010\Projects\oslab7\decoder\decoder.vcxproj" on node 2 (build target(s)).
     1>InitializeBuildStatus:
         Creating "Debug\decoder.unsuccessfulbuild" because "AlwaysCreate" was specified.
       ClCompile:
         C:\Program Files (x86)\Microsoft Visual Studio 10.0\VC\bin\CL.exe /c /ZI /nologo /W3 /WX- /Od /Oy- /D WIN32 /D _DEBUG /D _CONSOLE /D _MBCS /Gm /EHsc /RTC1 /MDd /GS /fp:precise /Zc:wchar_t /Zc:forScope /Fo"Debug\\" /Fd"Debug\vc100.pdb" /Gd /TC /analyze- /errorReport:prompt main.c
         main.c
     1>c:\users\kajajjj\documents\visual studio 2010\projects\oslab7\decoder\main.c(38): warning C4018: '<' : signed/unsigned mismatch
       ManifestResourceCompile:
         All outputs are up-to-date.
       Link:
         C:\Program Files (x86)\Microsoft Visual Studio 10.0\VC\bin\link.exe /ERRORREPORT:PROMPT /OUT:"C:\Users\KAJAJJJ\Documents\Visual Studio 2010\Projects\oslab7\Debug\decoder.exe" /INCREMENTAL /NOLOGO kernel32.lib user32.lib gdi32.lib winspool.lib comdlg32.lib advapi32.lib shell32.lib ole32.lib oleaut32.lib uuid.lib odbc32.lib odbccp32.lib /MANIFEST /ManifestFile:"Debug\decoder.exe.intermediate.manifest" /MANIFESTUAC:"level='asInvoker' uiAccess='false'" /DEBUG /PDB:"C:\Users\KAJAJJJ\Documents\Visual Studio 2010\Projects\oslab7\Debug\decoder.pdb" /SUBSYSTEM:CONSOLE /TLBID:1 /DYNAMICBASE /NXCOMPAT /IMPLIB:"C:\Users\KAJAJJJ\Documents\Visual Studio 2010\Projects\oslab7\Debug\decoder.lib" /MACHINE:X86 Debug\decoder.exe.embed.manifest.res
         Debug\main.obj
       Manifest:
         c:\Program Files (x86)\Microsoft SDKs\Windows\v7.0A\bin\mt.exe /nologo /verbose /out:"Debug\decoder.exe.embed.manifest" /manifest Debug\decoder.exe.intermediate.manifest
         All outputs are up-to-date.
       LinkEmbedManifest:
         All outputs are up-to-date.
         decoder.vcxproj -> C:\Users\KAJAJJJ\Documents\Visual Studio 2010\Projects\oslab7\Debug\decoder.exe
       FinalizeBuildStatus:
         Deleting file "Debug\decoder.unsuccessfulbuild".
         Touching "Debug\decoder.lastbuildstate".
     1>Done Building Project "C:\Users\KAJAJJJ\Documents\Visual Studio 2010\Projects\oslab7\decoder\decoder.vcxproj" (build target(s)).

Build succeeded.

Time Elapsed 00:00:00.76
