C:\USERS\KAJAJJJ\DOCUMENTS\VISUAL STUDIO 2010\PROJECTS\OSLAB7\DEBUG\PRODUCER.EXE
C:\USERS\KAJAJJJ\DOCUMENTS\VISUAL STUDIO 2010\PROJECTS\OSLAB7\DEBUG\PRODUCER.ILK
C:\USERS\KAJAJJJ\DOCUMENTS\VISUAL STUDIO 2010\PROJECTS\OSLAB7\DEBUG\PRODUCER.PDB
C:\Users\KAJAJJJ\Documents\Visual Studio 2010\Projects\oslab7\producer\Debug\cl.command.1.tlog
C:\Users\KAJAJJJ\Documents\Visual Studio 2010\Projects\oslab7\producer\Debug\CL.read.1.tlog
C:\Users\KAJAJJJ\Documents\Visual Studio 2010\Projects\oslab7\producer\Debug\CL.write.1.tlog
C:\Users\KAJAJJJ\Documents\Visual Studio 2010\Projects\oslab7\producer\Debug\link.5928.read.1.tlog
C:\Users\KAJAJJJ\Documents\Visual Studio 2010\Projects\oslab7\producer\Debug\link.5928.write.1.tlog
C:\Users\KAJAJJJ\Documents\Visual Studio 2010\Projects\oslab7\producer\Debug\link.5928-cvtres.read.1.tlog
C:\Users\KAJAJJJ\Documents\Visual Studio 2010\Projects\oslab7\producer\Debug\link.5928-cvtres.write.1.tlog
C:\Users\KAJAJJJ\Documents\Visual Studio 2010\Projects\oslab7\producer\Debug\link.6964.read.1.tlog
C:\Users\KAJAJJJ\Documents\Visual Studio 2010\Projects\oslab7\producer\Debug\link.6964.write.1.tlog
C:\Users\KAJAJJJ\Documents\Visual Studio 2010\Projects\oslab7\producer\Debug\link.6964-cvtres.read.1.tlog
C:\Users\KAJAJJJ\Documents\Visual Studio 2010\Projects\oslab7\producer\Debug\link.6964-cvtres.write.1.tlog
C:\Users\KAJAJJJ\Documents\Visual Studio 2010\Projects\oslab7\producer\Debug\link.command.1.tlog
C:\Users\KAJAJJJ\Documents\Visual Studio 2010\Projects\oslab7\producer\Debug\link.read.1.tlog
C:\Users\KAJAJJJ\Documents\Visual Studio 2010\Projects\oslab7\producer\Debug\link.write.1.tlog
C:\Users\KAJAJJJ\Documents\Visual Studio 2010\Projects\oslab7\producer\Debug\link-cvtres.read.1.tlog
C:\Users\KAJAJJJ\Documents\Visual Studio 2010\Projects\oslab7\producer\Debug\link-cvtres.write.1.tlog
C:\USERS\KAJAJJJ\DOCUMENTS\VISUAL STUDIO 2010\PROJECTS\OSLAB7\PRODUCER\DEBUG\MAIN.OBJ
C:\Users\KAJAJJJ\Documents\Visual Studio 2010\Projects\oslab7\producer\Debug\mt.command.1.tlog
C:\Users\KAJAJJJ\Documents\Visual Studio 2010\Projects\oslab7\producer\Debug\mt.read.1.tlog
C:\Users\KAJAJJJ\Documents\Visual Studio 2010\Projects\oslab7\producer\Debug\mt.write.1.tlog
C:\USERS\KAJAJJJ\DOCUMENTS\VISUAL STUDIO 2010\PROJECTS\OSLAB7\PRODUCER\DEBUG\PRODUCER.EXE.EMBED.MANIFEST
C:\USERS\KAJAJJJ\DOCUMENTS\VISUAL STUDIO 2010\PROJECTS\OSLAB7\PRODUCER\DEBUG\PRODUCER.EXE.EMBED.MANIFEST.RES
C:\USERS\KAJAJJJ\DOCUMENTS\VISUAL STUDIO 2010\PROJECTS\OSLAB7\PRODUCER\DEBUG\PRODUCER.EXE.INTERMEDIATE.MANIFEST
C:\Users\KAJAJJJ\Documents\Visual Studio 2010\Projects\oslab7\producer\Debug\producer.vcxprojResolveAssemblyReference.cache
C:\Users\KAJAJJJ\Documents\Visual Studio 2010\Projects\oslab7\producer\Debug\producer.write.1.tlog
C:\Users\KAJAJJJ\Documents\Visual Studio 2010\Projects\oslab7\producer\Debug\producer_manifest.rc
C:\Users\KAJAJJJ\Documents\Visual Studio 2010\Projects\oslab7\producer\Debug\rc.command.1.tlog
C:\Users\KAJAJJJ\Documents\Visual Studio 2010\Projects\oslab7\producer\Debug\rc.read.1.tlog
C:\Users\KAJAJJJ\Documents\Visual Studio 2010\Projects\oslab7\producer\Debug\rc.write.1.tlog
C:\Users\KAJAJJJ\Documents\Visual Studio 2010\Projects\oslab7\producer\Debug\vc100.idb
C:\USERS\KAJAJJJ\DOCUMENTS\VISUAL STUDIO 2010\PROJECTS\OSLAB7\PRODUCER\DEBUG\VC100.PDB
